2013/03/09 10:16:51 [error] [exception.CDbException] SQLSTATE[HY000] [1049] Unknown database 'volax'
2013/03/09 10:16:51 [error] [exception.CDbException] exception 'CDbException' with message 'CDbConnection failed to open the DB connection.' in F:\Dimitris Vidos\Work\Pelates\Volax.gr\projects\volaxV4\htdocs\yii\db\CDbConnection.php:387
Stack trace:
#0 F:\Dimitris Vidos\Work\Pelates\Volax.gr\projects\volaxV4\htdocs\yii\db\CDbConnection.php(330): CDbConnection->open()
#1 F:\Dimitris Vidos\Work\Pelates\Volax.gr\projects\volaxV4\htdocs\yii\db\CDbConnection.php(308): CDbConnection->setActive(true)
#2 F:\Dimitris Vidos\Work\Pelates\Volax.gr\projects\volaxV4\htdocs\yii\base\CModule.php(387): CDbConnection->init()
#3 F:\Dimitris Vidos\Work\Pelates\Volax.gr\projects\volaxV4\htdocs\yii\base\CApplication.php(438): CModule->getComponent('db')
#4 F:\Dimitris Vidos\Work\Pelates\Volax.gr\projects\volaxV4\htdocs\yii\db\ar\CActiveRecord.php(623): CApplication->getDb()
#5 F:\Dimitris Vidos\Work\Pelates\Volax.gr\projects\volaxV4\htdocs\yii\db\ar\CActiveRecord.php(2309): CActiveRecord->getDbConnection()
#6 F:\Dimitris Vidos\Work\Pelates\Volax.gr\projects\volaxV4\htdocs\yii\db\ar\CActiveRecord.php(387): CActiveRecordMetaData->__construct(Object(Post))
#7 F:\Dimitris Vidos\Work\Pelates\Volax.gr\projects\volaxV4\htdocs\yii\web\CActiveDataProvider.php(74): CActiveRecord::model('Post')
#8 F:\Dimitris Vidos\Work\Pelates\Volax.gr\projects\volaxV4\htdocs\protected\controllers\PostController.php(132): CActiveDataProvider->__construct('Post', Array)
#9 F:\Dimitris Vidos\Work\Pelates\Volax.gr\projects\volaxV4\htdocs\yii\web\actions\CInlineAction.php(49): PostController->actionIndex()
#10 F:\Dimitris Vidos\Work\Pelates\Volax.gr\projects\volaxV4\htdocs\yii\web\CController.php(308): CInlineAction->runWithParams(Array)
#11 F:\Dimitris Vidos\Work\Pelates\Volax.gr\projects\volaxV4\htdocs\yii\web\filters\CFilterChain.php(133): CController->runAction(Object(CInlineAction))
#12 F:\Dimitris Vidos\Work\Pelates\Volax.gr\projects\volaxV4\htdocs\yii\web\filters\CFilter.php(40): CFilterChain->run()
#13 F:\Dimitris Vidos\Work\Pelates\Volax.gr\projects\volaxV4\htdocs\yii\web\CController.php(1145): CFilter->filter(Object(CFilterChain))
#14 F:\Dimitris Vidos\Work\Pelates\Volax.gr\projects\volaxV4\htdocs\yii\web\filters\CInlineFilter.php(58): CController->filterAccessControl(Object(CFilterChain))
#15 F:\Dimitris Vidos\Work\Pelates\Volax.gr\projects\volaxV4\htdocs\yii\web\filters\CFilterChain.php(130): CInlineFilter->filter(Object(CFilterChain))
#16 F:\Dimitris Vidos\Work\Pelates\Volax.gr\projects\volaxV4\htdocs\yii\web\CController.php(291): CFilterChain->run()
#17 F:\Dimitris Vidos\Work\Pelates\Volax.gr\projects\volaxV4\htdocs\yii\web\CController.php(265): CController->runActionWithFilters(Object(CInlineAction), Array)
#18 F:\Dimitris Vidos\Work\Pelates\Volax.gr\projects\volaxV4\htdocs\yii\web\CWebApplication.php(282): CController->run('')
#19 F:\Dimitris Vidos\Work\Pelates\Volax.gr\projects\volaxV4\htdocs\yii\web\CWebApplication.php(141): CWebApplication->runController('')
#20 F:\Dimitris Vidos\Work\Pelates\Volax.gr\projects\volaxV4\htdocs\yii\base\CApplication.php(169): CWebApplication->processRequest()
#21 F:\Dimitris Vidos\Work\Pelates\Volax.gr\projects\volaxV4\htdocs\index.php(11): CApplication->run()
#22 {main}
REQUEST_URI=/volax4/
---
2013/03/09 10:17:43 [error] [system.db.CDbCommand] CDbCommand::fetchAll() failed: SQLSTATE[42S02]: Base table or view not found: 1146 Table 'volax4.v4_post' doesn't exist. The SQL statement executed was: SHOW FULL COLUMNS FROM `v4_post`.
2013/03/09 10:17:43 [error] [exception.CDbException] exception 'CDbException' with message 'The table "{{post}}" for active record class "Post" cannot be found in the database.' in F:\Dimitris Vidos\Work\Pelates\Volax.gr\projects\volaxV4\htdocs\yii\db\ar\CActiveRecord.php:2310
Stack trace:
#0 F:\Dimitris Vidos\Work\Pelates\Volax.gr\projects\volaxV4\htdocs\yii\db\ar\CActiveRecord.php(387): CActiveRecordMetaData->__construct(Object(Post))
#1 F:\Dimitris Vidos\Work\Pelates\Volax.gr\projects\volaxV4\htdocs\yii\web\CActiveDataProvider.php(74): CActiveRecord::model('Post')
#2 F:\Dimitris Vidos\Work\Pelates\Volax.gr\projects\volaxV4\htdocs\protected\controllers\PostController.php(132): CActiveDataProvider->__construct('Post', Array)
#3 F:\Dimitris Vidos\Work\Pelates\Volax.gr\projects\volaxV4\htdocs\yii\web\actions\CInlineAction.php(49): PostController->actionIndex()
#4 F:\Dimitris Vidos\Work\Pelates\Volax.gr\projects\volaxV4\htdocs\yii\web\CController.php(308): CInlineAction->runWithParams(Array)
#5 F:\Dimitris Vidos\Work\Pelates\Volax.gr\projects\volaxV4\htdocs\yii\web\filters\CFilterChain.php(133): CController->runAction(Object(CInlineAction))
#6 F:\Dimitris Vidos\Work\Pelates\Volax.gr\projects\volaxV4\htdocs\yii\web\filters\CFilter.php(40): CFilterChain->run()
#7 F:\Dimitris Vidos\Work\Pelates\Volax.gr\projects\volaxV4\htdocs\yii\web\CController.php(1145): CFilter->filter(Object(CFilterChain))
#8 F:\Dimitris Vidos\Work\Pelates\Volax.gr\projects\volaxV4\htdocs\yii\web\filters\CInlineFilter.php(58): CController->filterAccessControl(Object(CFilterChain))
#9 F:\Dimitris Vidos\Work\Pelates\Volax.gr\projects\volaxV4\htdocs\yii\web\filters\CFilterChain.php(130): CInlineFilter->filter(Object(CFilterChain))
#10 F:\Dimitris Vidos\Work\Pelates\Volax.gr\projects\volaxV4\htdocs\yii\web\CController.php(291): CFilterChain->run()
#11 F:\Dimitris Vidos\Work\Pelates\Volax.gr\projects\volaxV4\htdocs\yii\web\CController.php(265): CController->runActionWithFilters(Object(CInlineAction), Array)
#12 F:\Dimitris Vidos\Work\Pelates\Volax.gr\projects\volaxV4\htdocs\yii\web\CWebApplication.php(282): CController->run('')
#13 F:\Dimitris Vidos\Work\Pelates\Volax.gr\projects\volaxV4\htdocs\yii\web\CWebApplication.php(141): CWebApplication->runController('')
#14 F:\Dimitris Vidos\Work\Pelates\Volax.gr\projects\volaxV4\htdocs\yii\base\CApplication.php(169): CWebApplication->processRequest()
#15 F:\Dimitris Vidos\Work\Pelates\Volax.gr\projects\volaxV4\htdocs\index.php(11): CApplication->run()
#16 {main}
REQUEST_URI=/volax4/
---
2013/03/09 10:31:56 [error] [php] include(Status.php): failed to open stream: No such file or directory (F:\Dimitris Vidos\Work\Pelates\Volax.gr\projects\volaxV4\htdocs\yii\YiiBase.php:421)
Stack trace:
#0 F:\Dimitris Vidos\Work\Pelates\Volax.gr\projects\volaxV4\htdocs\protected\views\post\_form.php(37): spl_autoload_call()
#1 F:\Dimitris Vidos\Work\Pelates\Volax.gr\projects\volaxV4\htdocs\yii\web\CBaseController.php(126): require()
#2 F:\Dimitris Vidos\Work\Pelates\Volax.gr\projects\volaxV4\htdocs\yii\web\CBaseController.php(95): PostController->renderInternal()
#3 F:\Dimitris Vidos\Work\Pelates\Volax.gr\projects\volaxV4\htdocs\yii\web\CController.php(869): PostController->renderFile()
#4 F:\Dimitris Vidos\Work\Pelates\Volax.gr\projects\volaxV4\htdocs\protected\views\post\update.php(10): PostController->renderPartial()
#5 F:\Dimitris Vidos\Work\Pelates\Volax.gr\projects\volaxV4\htdocs\yii\web\CBaseController.php(126): require()
#6 F:\Dimitris Vidos\Work\Pelates\Volax.gr\projects\volaxV4\htdocs\yii\web\CBaseController.php(95): PostController->renderInternal()
#7 F:\Dimitris Vidos\Work\Pelates\Volax.gr\projects\volaxV4\htdocs\yii\web\CController.php(869): PostController->renderFile()
#8 F:\Dimitris Vidos\Work\Pelates\Volax.gr\projects\volaxV4\htdocs\yii\web\CController.php(782): PostController->renderPartial()
#9 F:\Dimitris Vidos\Work\Pelates\Volax.gr\projects\volaxV4\htdocs\protected\controllers\PostController.php(92): PostController->render()
#10 F:\Dimitris Vidos\Work\Pelates\Volax.gr\projects\volaxV4\htdocs\yii\web\actions\CInlineAction.php(49): PostController->actionUpdate()
#11 F:\Dimitris Vidos\Work\Pelates\Volax.gr\projects\volaxV4\htdocs\yii\web\CController.php(308): CInlineAction->runWithParams()
#12 F:\Dimitris Vidos\Work\Pelates\Volax.gr\projects\volaxV4\htdocs\yii\web\filters\CFilterChain.php(133): PostController->runAction()
#13 F:\Dimitris Vidos\Work\Pelates\Volax.gr\projects\volaxV4\htdocs\yii\web\filters\CFilter.php(40): CFilterChain->run()
#14 F:\Dimitris Vidos\Work\Pelates\Volax.gr\projects\volaxV4\htdocs\yii\web\CController.php(1145): CAccessControlFilter->filter()
#15 F:\Dimitris Vidos\Work\Pelates\Volax.gr\projects\volaxV4\htdocs\yii\web\filters\CInlineFilter.php(58): PostController->filterAccessControl()
#16 F:\Dimitris Vidos\Work\Pelates\Volax.gr\projects\volaxV4\htdocs\yii\web\filters\CFilterChain.php(130): CInlineFilter->filter()
#17 F:\Dimitris Vidos\Work\Pelates\Volax.gr\projects\volaxV4\htdocs\yii\web\CController.php(291): CFilterChain->run()
#18 F:\Dimitris Vidos\Work\Pelates\Volax.gr\projects\volaxV4\htdocs\yii\web\CController.php(265): PostController->runActionWithFilters()
#19 F:\Dimitris Vidos\Work\Pelates\Volax.gr\projects\volaxV4\htdocs\yii\web\CWebApplication.php(282): PostController->run()
#20 F:\Dimitris Vidos\Work\Pelates\Volax.gr\projects\volaxV4\htdocs\yii\web\CWebApplication.php(141): CWebApplication->runController()
#21 F:\Dimitris Vidos\Work\Pelates\Volax.gr\projects\volaxV4\htdocs\yii\base\CApplication.php(169): CWebApplication->processRequest()
#22 F:\Dimitris Vidos\Work\Pelates\Volax.gr\projects\volaxV4\htdocs\index.php(11): CWebApplication->run()
REQUEST_URI=/volax4/index.php/post/update?id=3
